0 info it worked if it ends with ok
1 verbose cli [ '/usr/local/Cellar/node/0.10.16/bin/node',
1 verbose cli   '/usr/local/bin/npm',
1 verbose cli   'install',
1 verbose cli   '-g',
1 verbose cli   'uglify' ]
2 info using npm@1.3.8
3 info using node@v0.10.16
4 verbose cache add [ 'uglify', null ]
5 verbose cache add name=undefined spec="uglify" args=["uglify",null]
6 verbose parsed url { protocol: null,
6 verbose parsed url   slashes: null,
6 verbose parsed url   auth: null,
6 verbose parsed url   host: null,
6 verbose parsed url   port: null,
6 verbose parsed url   hostname: null,
6 verbose parsed url   hash: null,
6 verbose parsed url   search: null,
6 verbose parsed url   query: null,
6 verbose parsed url   pathname: 'uglify',
6 verbose parsed url   path: 'uglify',
6 verbose parsed url   href: 'uglify' }
7 silly lockFile e8fa4098-uglify uglify
8 verbose lock uglify /Users/julien/.npm/e8fa4098-uglify.lock
9 silly lockFile e8fa4098-uglify uglify
10 silly lockFile e8fa4098-uglify uglify
11 verbose addNamed [ 'uglify', '' ]
12 verbose addNamed [ null, '*' ]
13 silly lockFile 67e93562-uglify uglify@
14 verbose lock uglify@ /Users/julien/.npm/67e93562-uglify.lock
15 silly addNameRange { name: 'uglify', range: '*', hasData: false }
16 verbose url raw uglify
17 verbose url resolving [ 'https://registry.npmjs.org/', './uglify' ]
18 verbose url resolved https://registry.npmjs.org/uglify
19 info trying registry request attempt 1 at 13:18:26
20 http GET https://registry.npmjs.org/uglify
21 http 404 https://registry.npmjs.org/uglify
22 silly registry.get cb [ 404,
22 silly registry.get   { server: 'CouchDB/1.3.1 (Erlang OTP/R15B03)',
22 silly registry.get     date: 'Tue, 27 Aug 2013 11:18:24 GMT',
22 silly registry.get     'content-type': 'application/json',
22 silly registry.get     'content-length': '52',
22 silly registry.get     'cache-control': 'must-revalidate' } ]
23 silly lockFile 67e93562-uglify uglify@
24 silly lockFile 67e93562-uglify uglify@
25 error 404 'uglify' is not in the npm registry.
25 error 404 You should bug the author to publish it
25 error 404
25 error 404 Note that you can also install from a
25 error 404 tarball, folder, or http url, or git url.
26 error System Darwin 12.4.0
27 error command "/usr/local/Cellar/node/0.10.16/bin/node" "/usr/local/bin/npm" "install" "-g" "uglify"
28 error cwd /Volumes/Cotti/fhnw/zusammenbilden/js
29 error node -v v0.10.16
30 error npm -v 1.3.8
31 error code E404
32 verbose exit [ 1, true ]
